<?xml version="1.0" encoding="UTF-8"?>
<!-- Generated by org.testng.reporters.JUnitXMLReporter -->
<testsuite hostname="Nithya" ignored="0" name="Test" tests="4" failures="0" timestamp="2022-05-31T19:39:16 IST" time="11.685" errors="0">
  <testcase name="browerLaunch" time="5.507" classname="com.TestNG.Project_TestNG"/>
  <testcase name="login" time="1.689" classname="com.TestNG.Project_TestNG"/>
  <testcase name="searchHotel" time="2.726" classname="com.TestNG.Project_TestNG"/>
  <testcase name="hotelBook" time="1.666" classname="com.TestNG.Project_TestNG"/>
</testsuite> <!-- Test -->
