<?xml version="1.0" encoding="UTF-8"?>
<!-- Generated by org.testng.reporters.JUnitXMLReporter -->
<testsuite ignored="0" hostname="Nithya" failures="0" tests="4" name="Default test" time="32.907" errors="0" timestamp="2022-10-28T14:32:18 IST">
  <testcase classname="com.Primum.Extent_Reports" name="login" time="10.94"/>
  <testcase classname="com.Primum.Extent_Reports" name="searchCancerTypes" time="4.166"/>
  <testcase classname="com.Primum.Extent_Reports" name="messagetoExperts" time="14.229"/>
  <testcase classname="com.Primum.Extent_Reports" name="Inbox_Closed" time="3.507"/>
</testsuite> <!-- Default test -->
