<?xml version="1.0" encoding="UTF-8"?>
<!-- Generated by org.testng.reporters.JUnitXMLReporter -->
<testsuite ignored="3" hostname="Nithya" failures="1" tests="1" name="Default test(failed)" time="0.074" errors="0" timestamp="2022-10-27T19:04:48 IST">
  <testcase classname="com.Primum.Extent_Reports" name="searchCancerTypes" time="0.022">
    <failure type="java.lang.NullPointerException" message="Cannot invoke &amp;quot;com.aventstack.extentreports.ExtentTest.log(com.aventstack.extentreports.Status, String)&amp;quot; because &amp;quot;this.testCase&amp;quot; is null">
      <![CDATA[java.lang.NullPointerException: Cannot invoke "com.aventstack.extentreports.ExtentTest.log(com.aventstack.extentreports.Status, String)" because "this.testCase" is null
at com.Primum.Extent_Reports.searchCancerTypes(Extent_Reports.java:59)
at java.base/java.util.ArrayList.forEach(ArrayList.java:1511)
... Removed 25 stack frames]]>
    </failure>
  </testcase> <!-- searchCancerTypes -->
  <testcase classname="com.Primum.Extent_Reports" name="login" time="0.0">
    <ignored/>
  </testcase> <!-- login -->
  <testcase classname="com.Primum.Extent_Reports" name="messagetoExperts" time="0.0">
    <ignored/>
  </testcase> <!-- messagetoExperts -->
  <testcase classname="com.Primum.Extent_Reports" name="Inbox_Closed" time="0.0">
    <ignored/>
  </testcase> <!-- Inbox_Closed -->
</testsuite> <!-- Default test(failed) -->
