<?xml version="1.0" encoding="UTF-8"?>
<testng-results ignored="0" total="4" passed="4" failed="0" skipped="0">
  <reporter-output>
  </reporter-output>
  <suite started-at="2022-10-28T14:31:45 IST" name="Default suite" finished-at="2022-10-28T14:32:18 IST" duration-ms="32907">
    <groups>
    </groups>
    <test started-at="2022-10-28T14:31:45 IST" name="Default test" finished-at="2022-10-28T14:32:18 IST" duration-ms="32907">
      <class name="com.Primum.Extent_Reports">
        <test-method signature="login()[pri:0, instance:com.Primum.Extent_Reports@42a48628]" started-at="2022-10-28T14:31:45 IST" name="login" finished-at="2022-10-28T14:31:56 IST" duration-ms="10940" status="PASS">
          <reporter-output>
          </reporter-output>
        </test-method> <!-- login -->
        <test-method signature="searchCancerTypes()[pri:1, instance:com.Primum.Extent_Reports@42a48628]" started-at="2022-10-28T14:31:56 IST" name="searchCancerTypes" finished-at="2022-10-28T14:32:00 IST" duration-ms="4166" status="PASS">
          <reporter-output>
          </reporter-output>
        </test-method> <!-- searchCancerTypes -->
        <test-method signature="messagetoExperts()[pri:2, instance:com.Primum.Extent_Reports@42a48628]" started-at="2022-10-28T14:32:00 IST" name="messagetoExperts" finished-at="2022-10-28T14:32:14 IST" duration-ms="14229" status="PASS">
          <reporter-output>
          </reporter-output>
        </test-method> <!-- messagetoExperts -->
        <test-method signature="Inbox_Closed()[pri:4, instance:com.Primum.Extent_Reports@42a48628]" started-at="2022-10-28T14:32:14 IST" name="Inbox_Closed" finished-at="2022-10-28T14:32:18 IST" duration-ms="3507" status="PASS">
          <reporter-output>
          </reporter-output>
        </test-method> <!-- Inbox_Closed -->
      </class> <!-- com.Primum.Extent_Reports -->
    </test> <!-- Default test -->
  </suite> <!-- Default suite -->
</testng-results>
